d:\vs users11508source repos\c++stl\day10\day10_01\debug\vc142.pdb
d:\vs users11508source repos\c++stl\day10\day10_01\debug\vc142.idb
d:\vs users11508source repos\c++stl\day10\day10_01\debug\day10_01_01初识stl.obj
d:\vs users11508source repos\c++stl\day10\day10_01\debug\day10_01.exe
d:\vs users11508source repos\c++stl\day10\day10_01\debug\day10_01.ilk
d:\vs users11508source repos\c++stl\day10\day10_01\debug\day10_01.pdb
d:\vs users11508source repos\c++stl\day10\day10_01\debug\day10_02.ilk
d:\vs users11508source repos\c++stl\day10\day10_01\debug\day10_03.ilk
d:\vs users11508source repos\c++stl\day10\day10_01\debug\day10_04.ilk
d:\vs users11508source repos\c++stl\day10\day10_01\debug\day10_05.ilk
d:\vs users11508source repos\c++stl\day10\day10_01\debug\day10_02.pdb
d:\vs users11508source repos\c++stl\day10\day10_01\debug\day10_03.pdb
d:\vs users11508source repos\c++stl\day10\day10_01\debug\day10_04.pdb
d:\vs users11508source repos\c++stl\day10\day10_01\debug\day10_05.pdb
d:\vs users11508source repos\c++stl\day10\day10_01\debug\day10_01.tlog\cl.command.1.tlog
d:\vs users11508source repos\c++stl\day10\day10_01\debug\day10_01.tlog\cl.read.1.tlog
d:\vs users11508source repos\c++stl\day10\day10_01\debug\day10_01.tlog\cl.write.1.tlog
d:\vs users11508source repos\c++stl\day10\day10_01\debug\day10_01.tlog\link.command.1.tlog
d:\vs users11508source repos\c++stl\day10\day10_01\debug\day10_01.tlog\link.read.1.tlog
d:\vs users11508source repos\c++stl\day10\day10_01\debug\day10_01.tlog\link.write.1.tlog
