d:\vs users11508source repos\c++stl\day12\day12\debug\vc142.pdb
d:\vs users11508source repos\c++stl\day12\day12\debug\vc142.idb
d:\vs users11508source repos\c++stl\day12\day12\debug\day12_01.obj
d:\vs users11508source repos\c++stl\day12\day12\debug\day12_01.exe
d:\vs users11508source repos\c++stl\day12\day12\debug\day12_01.ilk
d:\vs users11508source repos\c++stl\day12\day12\debug\day12_01.pdb
d:\vs users11508source repos\c++stl\day12\day12\debug\day12_02.ilk
d:\vs users11508source repos\c++stl\day12\day12\debug\day12_03.ilk
d:\vs users11508source repos\c++stl\day12\day12\debug\day12_04.ilk
d:\vs users11508source repos\c++stl\day12\day12\debug\day12_05.ilk
d:\vs users11508source repos\c++stl\day12\day12\debug\day12_06_常用查找算法.ilk
d:\vs users11508source repos\c++stl\day12\day12\debug\day12_07_常用排序算法.ilk
d:\vs users11508source repos\c++stl\day12\day12\debug\day12_08常用拷贝和替换算法.ilk
d:\vs users11508source repos\c++stl\day12\day12\debug\day12_09_常用生成数算法.ilk
d:\vs users11508source repos\c++stl\day12\day12\debug\day12_10常用集合算法.ilk
d:\vs users11508source repos\c++stl\day12\day12\debug\day12_11_stl综合案例__演讲比赛.ilk
d:\vs users11508source repos\c++stl\day12\day12\debug\day12_02.pdb
d:\vs users11508source repos\c++stl\day12\day12\debug\day12_03.pdb
d:\vs users11508source repos\c++stl\day12\day12\debug\day12_04.pdb
d:\vs users11508source repos\c++stl\day12\day12\debug\day12_05.pdb
d:\vs users11508source repos\c++stl\day12\day12\debug\day12_06_常用查找算法.pdb
d:\vs users11508source repos\c++stl\day12\day12\debug\day12_07_常用排序算法.pdb
d:\vs users11508source repos\c++stl\day12\day12\debug\day12_08常用拷贝和替换算法.pdb
d:\vs users11508source repos\c++stl\day12\day12\debug\day12_09_常用生成数算法.pdb
d:\vs users11508source repos\c++stl\day12\day12\debug\day12_10常用集合算法.pdb
d:\vs users11508source repos\c++stl\day12\day12\debug\day12_11_stl综合案例__演讲比赛.pdb
d:\vs users11508source repos\c++stl\day12\day12\debug\day12_01.tlog\cl.command.1.tlog
d:\vs users11508source repos\c++stl\day12\day12\debug\day12_01.tlog\cl.read.1.tlog
d:\vs users11508source repos\c++stl\day12\day12\debug\day12_01.tlog\cl.write.1.tlog
d:\vs users11508source repos\c++stl\day12\day12\debug\day12_01.tlog\link.command.1.tlog
d:\vs users11508source repos\c++stl\day12\day12\debug\day12_01.tlog\link.read.1.tlog
d:\vs users11508source repos\c++stl\day12\day12\debug\day12_01.tlog\link.write.1.tlog
