d:\vs users11508source repos\c++stl\day11\day11\debug\vc142.pdb
d:\vs users11508source repos\c++stl\day11\day11\debug\vc142.idb
d:\vs users11508source repos\c++stl\day11\day11\debug\day11_01_01stack基本接口.obj
d:\vs users11508source repos\c++stl\day11\day11\debug\day12_01.ilk
d:\vs users11508source repos\c++stl\day11\day11\debug\day11_01.pdb
d:\vs users11508source repos\c++stl\day11\day11\debug\day11_03.pdb
d:\vs users11508source repos\c++stl\day11\day11\debug\day11_04.pdb
d:\vs users11508source repos\c++stl\day11\day11\debug\day11_05.pdb
d:\vs users11508source repos\c++stl\day11\day11\debug\day11_06.pdb
d:\vs users11508source repos\c++stl\day11\day11\debug\day11_07案例.pdb
d:\vs users11508source repos\c++stl\day11\day11\debug\day12_01.pdb
d:\vs users11508source repos\c++stl\day11\day11\debug\day11_01.tlog\cl.command.1.tlog
d:\vs users11508source repos\c++stl\day11\day11\debug\day11_01.tlog\cl.read.1.tlog
d:\vs users11508source repos\c++stl\day11\day11\debug\day11_01.tlog\cl.write.1.tlog
d:\vs users11508source repos\c++stl\day11\day11\debug\day11_01.tlog\link-cvtres.read.1.tlog
d:\vs users11508source repos\c++stl\day11\day11\debug\day11_01.tlog\link-cvtres.write.1.tlog
d:\vs users11508source repos\c++stl\day11\day11\debug\day11_01.tlog\link-rc.read.1.tlog
d:\vs users11508source repos\c++stl\day11\day11\debug\day11_01.tlog\link-rc.write.1.tlog
d:\vs users11508source repos\c++stl\day11\day11\debug\day11_01.tlog\link.command.1.tlog
d:\vs users11508source repos\c++stl\day11\day11\debug\day11_01.tlog\link.read.1.tlog
d:\vs users11508source repos\c++stl\day11\day11\debug\day11_01.tlog\link.write.1.tlog
